<?xml version="1.0" encoding="UTF-8"?>
<testng-results ignored="0" total="13" passed="3" failed="3" skipped="7">
  <reporter-output>
  </reporter-output>
  <suite started-at="2023-11-20T03:16:27Z" name="Nopcommerce" finished-at="2023-11-20T03:19:07Z" duration-ms="159342">
    <groups>
      <group name="Register An Account">
        <method signature="Register_Page.Front_Register_An_Account_With_The_Invalid_Information(java.lang.reflect.Method)[pri:0, instance:com.nopcommerce.RegisterPage.Register_Page@14ac77b9]" name="Front_Register_An_Account_With_The_Invalid_Information" class="com.nopcommerce.RegisterPage.Register_Page"/>
        <method signature="Register_Page.Front_Register_An_Account_With_The_Valid_Information(java.lang.reflect.Method)[pri:0, instance:com.nopcommerce.RegisterPage.Register_Page@14ac77b9]" name="Front_Register_An_Account_With_The_Valid_Information" class="com.nopcommerce.RegisterPage.Register_Page"/>
        <method signature="Register_Page.Front_Register_An_Account_With_The_Email_Has_Already_Registered(java.lang.reflect.Method)[pri:0, instance:com.nopcommerce.RegisterPage.Register_Page@14ac77b9]" name="Front_Register_An_Account_With_The_Email_Has_Already_Registered" class="com.nopcommerce.RegisterPage.Register_Page"/>
      </group> <!-- Register An Account -->
      <group name="My Account">
        <method signature="My_Account_Page.My_Account_Login_Success(java.lang.reflect.Method)[pri:0, instance:com.nopcommerce.MyAccountPage.My_Account_Page@563a89b5]" name="My_Account_Login_Success" class="com.nopcommerce.MyAccountPage.My_Account_Page"/>
        <method signature="My_Account_Page.My_Account_Add_Address(java.lang.reflect.Method)[pri:0, instance:com.nopcommerce.MyAccountPage.My_Account_Page@563a89b5]" name="My_Account_Add_Address" class="com.nopcommerce.MyAccountPage.My_Account_Page"/>
        <method signature="My_Account_Page.My_Account_Update_Customer_Information(java.lang.reflect.Method)[pri:0, instance:com.nopcommerce.MyAccountPage.My_Account_Page@563a89b5]" name="My_Account_Update_Customer_Information" class="com.nopcommerce.MyAccountPage.My_Account_Page"/>
      </group> <!-- My Account -->
      <group name="Login Account">
        <method signature="Login_Page.Front_Open_Login_Page(java.lang.reflect.Method)[pri:0, instance:com.nopcommerce.LoginPage.Login_Page@3f4cd155]" name="Front_Open_Login_Page" class="com.nopcommerce.LoginPage.Login_Page"/>
        <method signature="Login_Page.Front_Login_Without_Inputting(java.lang.reflect.Method)[pri:0, instance:com.nopcommerce.LoginPage.Login_Page@3f4cd155]" name="Front_Login_Without_Inputting" class="com.nopcommerce.LoginPage.Login_Page"/>
        <method signature="Login_Page.Front_Login_With_The_Invalid_Email(java.lang.reflect.Method)[pri:0, instance:com.nopcommerce.LoginPage.Login_Page@3f4cd155]" name="Front_Login_With_The_Invalid_Email" class="com.nopcommerce.LoginPage.Login_Page"/>
        <method signature="Login_Page.Front_Login_With_The_Email_Does_Not_Exist(java.lang.reflect.Method)[pri:0, instance:com.nopcommerce.LoginPage.Login_Page@3f4cd155]" name="Front_Login_With_The_Email_Does_Not_Exist" class="com.nopcommerce.LoginPage.Login_Page"/>
        <method signature="Login_Page.Front_Login_Email_Without_Inputting_Password(java.lang.reflect.Method)[pri:0, instance:com.nopcommerce.LoginPage.Login_Page@3f4cd155]" name="Front_Login_Email_Without_Inputting_Password" class="com.nopcommerce.LoginPage.Login_Page"/>
        <method signature="Login_Page.Front_Login_Email_And_Input_Invalid_Password(java.lang.reflect.Method)[pri:0, instance:com.nopcommerce.LoginPage.Login_Page@3f4cd155]" name="Front_Login_Email_And_Input_Invalid_Password" class="com.nopcommerce.LoginPage.Login_Page"/>
      </group> <!-- Login Account -->
    </groups>
    <test started-at="2023-11-20T03:16:27Z" name="Run on Chrome" finished-at="2023-11-20T03:19:07Z" duration-ms="159342">
      <class name="com.nopcommerce.HomePage.Home_Page">
        <test-method is-config="true" signature="beforeClass(java.lang.String, java.lang.String, java.lang.String, java.lang.String, java.lang.String, java.lang.String, java.lang.String)[pri:0, instance:com.nopcommerce.HomePage.Home_Page@4038cd3a]" started-at="2023-11-20T03:16:27Z" name="beforeClass" finished-at="2023-11-20T03:16:46Z" duration-ms="18517" status="PASS">
          <params>
            <param index="0">
              <value>
                <![CDATA[local]]>
              </value>
            </param>
            <param index="1">
              <value>
                <![CDATA[Test]]>
              </value>
            </param>
            <param index="2">
              <value>
                <![CDATA[Chrome]]>
              </value>
            </param>
            <param index="3">
              <value>
                <![CDATA[Windows]]>
              </value>
            </param>
            <param index="4">
              <value>
                <![CDATA[10]]>
              </value>
            </param>
            <param index="5">
              <value>
                <![CDATA[localhost]]>
              </value>
            </param>
            <param index="6">
              <value>
                <![CDATA[4444]]>
              </value>
            </param>
          </params>
          <reporter-output>
          </reporter-output>
        </test-method> <!-- beforeClass -->
        <test-method signature="Front_Open_Home_Page(java.lang.reflect.Method)[pri:0, instance:com.nopcommerce.HomePage.Home_Page@4038cd3a]" started-at="2023-11-20T03:16:46Z" name="Front_Open_Home_Page" finished-at="2023-11-20T03:16:55Z" duration-ms="9137" status="PASS">
          <params>
            <param index="0">
              <value>
                <![CDATA[public void com.nopcommerce.HomePage.Home_Page.Front_Open_Home_Page(java.lang.reflect.Method)]]>
              </value>
            </param>
          </params>
          <reporter-output>
          </reporter-output>
        </test-method> <!-- Front_Open_Home_Page -->
      </class> <!-- com.nopcommerce.HomePage.Home_Page -->
      <class name="com.nopcommerce.LoginPage.Login_Page">
        <test-method is-config="true" signature="beforeClass(java.lang.String, java.lang.String, java.lang.String, java.lang.String, java.lang.String, java.lang.String, java.lang.String)[pri:0, instance:com.nopcommerce.LoginPage.Login_Page@3f4cd155]" started-at="2023-11-20T03:18:01Z" name="beforeClass" finished-at="2023-11-20T03:18:01Z" duration-ms="1" status="PASS">
          <params>
            <param index="0">
              <value>
                <![CDATA[local]]>
              </value>
            </param>
            <param index="1">
              <value>
                <![CDATA[Test]]>
              </value>
            </param>
            <param index="2">
              <value>
                <![CDATA[Chrome]]>
              </value>
            </param>
            <param index="3">
              <value>
                <![CDATA[Windows]]>
              </value>
            </param>
            <param index="4">
              <value>
                <![CDATA[10]]>
              </value>
            </param>
            <param index="5">
              <value>
                <![CDATA[localhost]]>
              </value>
            </param>
            <param index="6">
              <value>
                <![CDATA[4444]]>
              </value>
            </param>
          </params>
          <reporter-output>
          </reporter-output>
        </test-method> <!-- beforeClass -->
        <test-method signature="Front_Open_Login_Page(java.lang.reflect.Method)[pri:0, instance:com.nopcommerce.LoginPage.Login_Page@3f4cd155]" started-at="2023-11-20T03:18:01Z" name="Front_Open_Login_Page" finished-at="2023-11-20T03:18:33Z" duration-ms="32764" status="FAIL">
          <params>
            <param index="0">
              <value>
                <![CDATA[public void com.nopcommerce.LoginPage.Login_Page.Front_Open_Login_Page(java.lang.reflect.Method)]]>
              </value>
            </param>
          </params>
          <exception class="org.openqa.selenium.TimeoutException">
            <message>
              <![CDATA[Expected condition failed: waiting for element to be clickable: By.xpath:  //div[@class='header-links']//a[@class='ico-login'] (tried for 30 second(s) with 500 milliseconds interval)]]>
            </message>
            <full-stacktrace>
              <![CDATA[org.openqa.selenium.TimeoutException: Expected condition failed: waiting for element to be clickable: By.xpath:  //div[@class='header-links']//a[@class='ico-login'] (tried for 30 second(s) with 500 milliseconds interval)
at org.openqa.selenium.support.ui.WebDriverWait.timeoutException(WebDriverWait.java:95)
at org.openqa.selenium.support.ui.FluentWait.until(FluentWait.java:272)
at commons.BasePage.waitForElementClickable(BasePage.java:589)
at com.nopcommerce.RegisterPage.RegisterPageObject.clickOnLoginLinkOnHeader(RegisterPageObject.java:110)
at com.nopcommerce.LoginPage.Login_Page.Front_Open_Login_Page(Login_Page.java:51)
at java.base/jdk.internal.reflect.NativeMethodAccessorImpl.invoke0(Native Method)
at java.base/jdk.internal.reflect.NativeMethodAccessorImpl.invoke(NativeMethodAccessorImpl.java:62)
at java.base/jdk.internal.reflect.DelegatingMethodAccessorImpl.invoke(DelegatingMethodAccessorImpl.java:43)
at java.base/java.lang.reflect.Method.invoke(Method.java:566)
at org.testng.internal.MethodInvocationHelper.invokeMethod(MethodInvocationHelper.java:124)
at org.testng.internal.Invoker.invokeMethod(Invoker.java:583)
at org.testng.internal.Invoker.invokeTestMethod(Invoker.java:719)
at org.testng.internal.Invoker.invokeTestMethods(Invoker.java:989)
at org.testng.internal.TestMethodWorker.invokeTestMethods(TestMethodWorker.java:125)
at org.testng.internal.TestMethodWorker.run(TestMethodWorker.java:109)
at org.testng.TestRunner.privateRun(TestRunner.java:648)
at org.testng.TestRunner.run(TestRunner.java:505)
at org.testng.SuiteRunner.runTest(SuiteRunner.java:455)
at org.testng.SuiteRunner.runSequentially(SuiteRunner.java:450)
at org.testng.SuiteRunner.privateRun(SuiteRunner.java:415)
at org.testng.SuiteRunner.run(SuiteRunner.java:364)
at org.testng.SuiteRunnerWorker.runSuite(SuiteRunnerWorker.java:52)
at org.testng.SuiteRunnerWorker.run(SuiteRunnerWorker.java:84)
at org.testng.TestNG.runSuitesSequentially(TestNG.java:1208)
at org.testng.TestNG.runSuitesLocally(TestNG.java:1137)
at org.testng.TestNG.runSuites(TestNG.java:1049)
at org.testng.TestNG.run(TestNG.java:1017)
at org.testng.remote.AbstractRemoteTestNG.run(AbstractRemoteTestNG.java:115)
at org.testng.remote.RemoteTestNG.initAndRun(RemoteTestNG.java:251)
at org.testng.remote.RemoteTestNG.main(RemoteTestNG.java:77)
Caused by: org.openqa.selenium.NoSuchElementException: no such element: Unable to locate element: {"method":"xpath","selector":" //div[@class='header-links']//a[@class='ico-login']"}
  (Session info: chrome=119.0.6045.159)
For documentation on this error, please visit: https://www.seleniumhq.org/exceptions/no_such_element.html
Build info: version: '3.141.59', revision: 'e82be7d358', time: '2018-11-14T08:17:03'
System info: host: 'Edward', ip: 'fe80:0:0:0:1098:1d43:2e5f:bf85%en0', os.name: 'Mac OS X', os.arch: 'x86_64', os.version: '14.1', java.version: '11.0.15.1'
Driver info: org.openqa.selenium.chrome.ChromeDriver
Capabilities {acceptInsecureCerts: false, browserName: chrome, browserVersion: 119.0.6045.159, chrome: {chromedriverVersion: 119.0.6045.105 (38c72552c5e..., userDataDir: /var/folders/gm/wt6pjgb90bv...}, fedcm:accounts: true, goog:chromeOptions: {debuggerAddress: localhost:58683}, javascriptEnabled: true, networkConnectionEnabled: false, pageLoadStrategy: normal, platform: MAC, platformName: MAC, proxy: Proxy(), setWindowRect: true, strictFileInteractability: false, timeouts: {implicit: 0, pageLoad: 300000, script: 30000}, unhandledPromptBehavior: dismiss and notify, webauthn:extension:credBlob: true, webauthn:extension:largeBlob: true, webauthn:extension:minPinLength: true, webauthn:extension:prf: true, webauthn:virtualAuthenticators: true}
Session ID: 65876dca642d064a08eb62f9dd667936
*** Element info: {Using=xpath, value= //div[@class='header-links']//a[@class='ico-login']}
at java.base/jdk.internal.reflect.NativeConstructorAccessorImpl.newInstance0(Native Method)
at java.base/jdk.internal.reflect.NativeConstructorAccessorImpl.newInstance(NativeConstructorAccessorImpl.java:62)
at java.base/jdk.internal.reflect.DelegatingConstructorAccessorImpl.newInstance(DelegatingConstructorAccessorImpl.java:45)
at java.base/java.lang.reflect.Constructor.newInstance(Constructor.java:490)
at org.openqa.selenium.remote.http.W3CHttpResponseCodec.createException(W3CHttpResponseCodec.java:187)
at org.openqa.selenium.remote.http.W3CHttpResponseCodec.decode(W3CHttpResponseCodec.java:122)
at org.openqa.selenium.remote.http.W3CHttpResponseCodec.decode(W3CHttpResponseCodec.java:49)
at org.openqa.selenium.remote.HttpCommandExecutor.execute(HttpCommandExecutor.java:158)
at org.openqa.selenium.remote.service.DriverCommandExecutor.execute(DriverCommandExecutor.java:83)
at org.openqa.selenium.remote.RemoteWebDriver.execute(RemoteWebDriver.java:552)
at org.openqa.selenium.remote.RemoteWebDriver.findElement(RemoteWebDriver.java:323)
at org.openqa.selenium.remote.RemoteWebDriver.findElementByXPath(RemoteWebDriver.java:428)
at org.openqa.selenium.By$ByXPath.findElement(By.java:353)
at org.openqa.selenium.remote.RemoteWebDriver.findElement(RemoteWebDriver.java:315)
at org.openqa.selenium.support.ui.ExpectedConditions$7.apply(ExpectedConditions.java:205)
at org.openqa.selenium.support.ui.ExpectedConditions$7.apply(ExpectedConditions.java:201)
at org.openqa.selenium.support.ui.ExpectedConditions$22.apply(ExpectedConditions.java:641)
at org.openqa.selenium.support.ui.ExpectedConditions$22.apply(ExpectedConditions.java:638)
at org.openqa.selenium.support.ui.FluentWait.until(FluentWait.java:249)
... 28 more
]]>
            </full-stacktrace>
          </exception> <!-- org.openqa.selenium.TimeoutException -->
          <reporter-output>
          </reporter-output>
        </test-method> <!-- Front_Open_Login_Page -->
        <test-method signature="Front_Login_Without_Inputting(java.lang.reflect.Method)[pri:0, instance:com.nopcommerce.LoginPage.Login_Page@3f4cd155]" started-at="2023-11-20T03:18:33Z" name="Front_Login_Without_Inputting" finished-at="2023-11-20T03:18:33Z" depends-on-methods="com.nopcommerce.LoginPage.Login_Page.Front_Open_Login_Page" duration-ms="0" status="SKIP">
          <exception class="java.lang.Throwable">
            <message>
              <![CDATA[Method Login_Page.Front_Login_Without_Inputting(java.lang.reflect.Method)[pri:0, instance:com.nopcommerce.LoginPage.Login_Page@3f4cd155] depends on not successfully finished methods]]>
            </message>
            <full-stacktrace>
              <![CDATA[java.lang.Throwable: Method Login_Page.Front_Login_Without_Inputting(java.lang.reflect.Method)[pri:0, instance:com.nopcommerce.LoginPage.Login_Page@3f4cd155] depends on not successfully finished methods
at org.testng.internal.Invoker.invokeTestMethods(Invoker.java:888)
at org.testng.internal.TestMethodWorker.invokeTestMethods(TestMethodWorker.java:125)
at org.testng.internal.TestMethodWorker.run(TestMethodWorker.java:109)
at org.testng.TestRunner.privateRun(TestRunner.java:648)
at org.testng.TestRunner.run(TestRunner.java:505)
at org.testng.SuiteRunner.runTest(SuiteRunner.java:455)
at org.testng.SuiteRunner.runSequentially(SuiteRunner.java:450)
at org.testng.SuiteRunner.privateRun(SuiteRunner.java:415)
at org.testng.SuiteRunner.run(SuiteRunner.java:364)
at org.testng.SuiteRunnerWorker.runSuite(SuiteRunnerWorker.java:52)
at org.testng.SuiteRunnerWorker.run(SuiteRunnerWorker.java:84)
at org.testng.TestNG.runSuitesSequentially(TestNG.java:1208)
at org.testng.TestNG.runSuitesLocally(TestNG.java:1137)
at org.testng.TestNG.runSuites(TestNG.java:1049)
at org.testng.TestNG.run(TestNG.java:1017)
at org.testng.remote.AbstractRemoteTestNG.run(AbstractRemoteTestNG.java:115)
at org.testng.remote.RemoteTestNG.initAndRun(RemoteTestNG.java:251)
at org.testng.remote.RemoteTestNG.main(RemoteTestNG.java:77)
]]>
            </full-stacktrace>
          </exception> <!-- java.lang.Throwable -->
          <reporter-output>
          </reporter-output>
        </test-method> <!-- Front_Login_Without_Inputting -->
        <test-method signature="Front_Login_With_The_Invalid_Email(java.lang.reflect.Method)[pri:0, instance:com.nopcommerce.LoginPage.Login_Page@3f4cd155]" started-at="2023-11-20T03:18:34Z" name="Front_Login_With_The_Invalid_Email" finished-at="2023-11-20T03:18:34Z" depends-on-methods="com.nopcommerce.LoginPage.Login_Page.Front_Login_Without_Inputting" duration-ms="0" status="SKIP">
          <exception class="java.lang.Throwable">
            <message>
              <![CDATA[Method Login_Page.Front_Login_With_The_Invalid_Email(java.lang.reflect.Method)[pri:0, instance:com.nopcommerce.LoginPage.Login_Page@3f4cd155] depends on not successfully finished methods]]>
            </message>
            <full-stacktrace>
              <![CDATA[java.lang.Throwable: Method Login_Page.Front_Login_With_The_Invalid_Email(java.lang.reflect.Method)[pri:0, instance:com.nopcommerce.LoginPage.Login_Page@3f4cd155] depends on not successfully finished methods
at org.testng.internal.Invoker.invokeTestMethods(Invoker.java:888)
at org.testng.internal.TestMethodWorker.invokeTestMethods(TestMethodWorker.java:125)
at org.testng.internal.TestMethodWorker.run(TestMethodWorker.java:109)
at org.testng.TestRunner.privateRun(TestRunner.java:648)
at org.testng.TestRunner.run(TestRunner.java:505)
at org.testng.SuiteRunner.runTest(SuiteRunner.java:455)
at org.testng.SuiteRunner.runSequentially(SuiteRunner.java:450)
at org.testng.SuiteRunner.privateRun(SuiteRunner.java:415)
at org.testng.SuiteRunner.run(SuiteRunner.java:364)
at org.testng.SuiteRunnerWorker.runSuite(SuiteRunnerWorker.java:52)
at org.testng.SuiteRunnerWorker.run(SuiteRunnerWorker.java:84)
at org.testng.TestNG.runSuitesSequentially(TestNG.java:1208)
at org.testng.TestNG.runSuitesLocally(TestNG.java:1137)
at org.testng.TestNG.runSuites(TestNG.java:1049)
at org.testng.TestNG.run(TestNG.java:1017)
at org.testng.remote.AbstractRemoteTestNG.run(AbstractRemoteTestNG.java:115)
at org.testng.remote.RemoteTestNG.initAndRun(RemoteTestNG.java:251)
at org.testng.remote.RemoteTestNG.main(RemoteTestNG.java:77)
]]>
            </full-stacktrace>
          </exception> <!-- java.lang.Throwable -->
          <reporter-output>
          </reporter-output>
        </test-method> <!-- Front_Login_With_The_Invalid_Email -->
        <test-method signature="Front_Login_With_The_Email_Does_Not_Exist(java.lang.reflect.Method)[pri:0, instance:com.nopcommerce.LoginPage.Login_Page@3f4cd155]" started-at="2023-11-20T03:18:34Z" name="Front_Login_With_The_Email_Does_Not_Exist" finished-at="2023-11-20T03:18:34Z" depends-on-methods="com.nopcommerce.LoginPage.Login_Page.Front_Login_With_The_Invalid_Email" duration-ms="0" status="SKIP">
          <exception class="java.lang.Throwable">
            <message>
              <![CDATA[Method Login_Page.Front_Login_With_The_Email_Does_Not_Exist(java.lang.reflect.Method)[pri:0, instance:com.nopcommerce.LoginPage.Login_Page@3f4cd155] depends on not successfully finished methods]]>
            </message>
            <full-stacktrace>
              <![CDATA[java.lang.Throwable: Method Login_Page.Front_Login_With_The_Email_Does_Not_Exist(java.lang.reflect.Method)[pri:0, instance:com.nopcommerce.LoginPage.Login_Page@3f4cd155] depends on not successfully finished methods
at org.testng.internal.Invoker.invokeTestMethods(Invoker.java:888)
at org.testng.internal.TestMethodWorker.invokeTestMethods(TestMethodWorker.java:125)
at org.testng.internal.TestMethodWorker.run(TestMethodWorker.java:109)
at org.testng.TestRunner.privateRun(TestRunner.java:648)
at org.testng.TestRunner.run(TestRunner.java:505)
at org.testng.SuiteRunner.runTest(SuiteRunner.java:455)
at org.testng.SuiteRunner.runSequentially(SuiteRunner.java:450)
at org.testng.SuiteRunner.privateRun(SuiteRunner.java:415)
at org.testng.SuiteRunner.run(SuiteRunner.java:364)
at org.testng.SuiteRunnerWorker.runSuite(SuiteRunnerWorker.java:52)
at org.testng.SuiteRunnerWorker.run(SuiteRunnerWorker.java:84)
at org.testng.TestNG.runSuitesSequentially(TestNG.java:1208)
at org.testng.TestNG.runSuitesLocally(TestNG.java:1137)
at org.testng.TestNG.runSuites(TestNG.java:1049)
at org.testng.TestNG.run(TestNG.java:1017)
at org.testng.remote.AbstractRemoteTestNG.run(AbstractRemoteTestNG.java:115)
at org.testng.remote.RemoteTestNG.initAndRun(RemoteTestNG.java:251)
at org.testng.remote.RemoteTestNG.main(RemoteTestNG.java:77)
]]>
            </full-stacktrace>
          </exception> <!-- java.lang.Throwable -->
          <reporter-output>
          </reporter-output>
        </test-method> <!-- Front_Login_With_The_Email_Does_Not_Exist -->
        <test-method signature="Front_Login_Email_Without_Inputting_Password(java.lang.reflect.Method)[pri:0, instance:com.nopcommerce.LoginPage.Login_Page@3f4cd155]" started-at="2023-11-20T03:18:34Z" name="Front_Login_Email_Without_Inputting_Password" finished-at="2023-11-20T03:18:34Z" depends-on-methods="com.nopcommerce.LoginPage.Login_Page.Front_Login_With_The_Email_Does_Not_Exist" duration-ms="0" status="SKIP">
          <exception class="java.lang.Throwable">
            <message>
              <![CDATA[Method Login_Page.Front_Login_Email_Without_Inputting_Password(java.lang.reflect.Method)[pri:0, instance:com.nopcommerce.LoginPage.Login_Page@3f4cd155] depends on not successfully finished methods]]>
            </message>
            <full-stacktrace>
              <![CDATA[java.lang.Throwable: Method Login_Page.Front_Login_Email_Without_Inputting_Password(java.lang.reflect.Method)[pri:0, instance:com.nopcommerce.LoginPage.Login_Page@3f4cd155] depends on not successfully finished methods
at org.testng.internal.Invoker.invokeTestMethods(Invoker.java:888)
at org.testng.internal.TestMethodWorker.invokeTestMethods(TestMethodWorker.java:125)
at org.testng.internal.TestMethodWorker.run(TestMethodWorker.java:109)
at org.testng.TestRunner.privateRun(TestRunner.java:648)
at org.testng.TestRunner.run(TestRunner.java:505)
at org.testng.SuiteRunner.runTest(SuiteRunner.java:455)
at org.testng.SuiteRunner.runSequentially(SuiteRunner.java:450)
at org.testng.SuiteRunner.privateRun(SuiteRunner.java:415)
at org.testng.SuiteRunner.run(SuiteRunner.java:364)
at org.testng.SuiteRunnerWorker.runSuite(SuiteRunnerWorker.java:52)
at org.testng.SuiteRunnerWorker.run(SuiteRunnerWorker.java:84)
at org.testng.TestNG.runSuitesSequentially(TestNG.java:1208)
at org.testng.TestNG.runSuitesLocally(TestNG.java:1137)
at org.testng.TestNG.runSuites(TestNG.java:1049)
at org.testng.TestNG.run(TestNG.java:1017)
at org.testng.remote.AbstractRemoteTestNG.run(AbstractRemoteTestNG.java:115)
at org.testng.remote.RemoteTestNG.initAndRun(RemoteTestNG.java:251)
at org.testng.remote.RemoteTestNG.main(RemoteTestNG.java:77)
]]>
            </full-stacktrace>
          </exception> <!-- java.lang.Throwable -->
          <reporter-output>
          </reporter-output>
        </test-method> <!-- Front_Login_Email_Without_Inputting_Password -->
        <test-method signature="Front_Login_Email_And_Input_Invalid_Password(java.lang.reflect.Method)[pri:0, instance:com.nopcommerce.LoginPage.Login_Page@3f4cd155]" started-at="2023-11-20T03:18:34Z" name="Front_Login_Email_And_Input_Invalid_Password" finished-at="2023-11-20T03:18:34Z" depends-on-methods="com.nopcommerce.LoginPage.Login_Page.Front_Login_Email_Without_Inputting_Password" duration-ms="0" status="SKIP">
          <exception class="java.lang.Throwable">
            <message>
              <![CDATA[Method Login_Page.Front_Login_Email_And_Input_Invalid_Password(java.lang.reflect.Method)[pri:0, instance:com.nopcommerce.LoginPage.Login_Page@3f4cd155] depends on not successfully finished methods]]>
            </message>
            <full-stacktrace>
              <![CDATA[java.lang.Throwable: Method Login_Page.Front_Login_Email_And_Input_Invalid_Password(java.lang.reflect.Method)[pri:0, instance:com.nopcommerce.LoginPage.Login_Page@3f4cd155] depends on not successfully finished methods
at org.testng.internal.Invoker.invokeTestMethods(Invoker.java:888)
at org.testng.internal.TestMethodWorker.invokeTestMethods(TestMethodWorker.java:125)
at org.testng.internal.TestMethodWorker.run(TestMethodWorker.java:109)
at org.testng.TestRunner.privateRun(TestRunner.java:648)
at org.testng.TestRunner.run(TestRunner.java:505)
at org.testng.SuiteRunner.runTest(SuiteRunner.java:455)
at org.testng.SuiteRunner.runSequentially(SuiteRunner.java:450)
at org.testng.SuiteRunner.privateRun(SuiteRunner.java:415)
at org.testng.SuiteRunner.run(SuiteRunner.java:364)
at org.testng.SuiteRunnerWorker.runSuite(SuiteRunnerWorker.java:52)
at org.testng.SuiteRunnerWorker.run(SuiteRunnerWorker.java:84)
at org.testng.TestNG.runSuitesSequentially(TestNG.java:1208)
at org.testng.TestNG.runSuitesLocally(TestNG.java:1137)
at org.testng.TestNG.runSuites(TestNG.java:1049)
at org.testng.TestNG.run(TestNG.java:1017)
at org.testng.remote.AbstractRemoteTestNG.run(AbstractRemoteTestNG.java:115)
at org.testng.remote.RemoteTestNG.initAndRun(RemoteTestNG.java:251)
at org.testng.remote.RemoteTestNG.main(RemoteTestNG.java:77)
]]>
            </full-stacktrace>
          </exception> <!-- java.lang.Throwable -->
          <reporter-output>
          </reporter-output>
        </test-method> <!-- Front_Login_Email_And_Input_Invalid_Password -->
      </class> <!-- com.nopcommerce.LoginPage.Login_Page -->
      <class name="com.nopcommerce.RegisterPage.Register_Page">
        <test-method is-config="true" signature="beforeClass(java.lang.String, java.lang.String, java.lang.String, java.lang.String, java.lang.String, java.lang.String, java.lang.String)[pri:0, instance:com.nopcommerce.RegisterPage.Register_Page@14ac77b9]" started-at="2023-11-20T03:16:55Z" name="beforeClass" finished-at="2023-11-20T03:16:55Z" duration-ms="31" status="PASS">
          <params>
            <param index="0">
              <value>
                <![CDATA[local]]>
              </value>
            </param>
            <param index="1">
              <value>
                <![CDATA[Test]]>
              </value>
            </param>
            <param index="2">
              <value>
                <![CDATA[Chrome]]>
              </value>
            </param>
            <param index="3">
              <value>
                <![CDATA[Windows]]>
              </value>
            </param>
            <param index="4">
              <value>
                <![CDATA[10]]>
              </value>
            </param>
            <param index="5">
              <value>
                <![CDATA[localhost]]>
              </value>
            </param>
            <param index="6">
              <value>
                <![CDATA[4444]]>
              </value>
            </param>
          </params>
          <reporter-output>
          </reporter-output>
        </test-method> <!-- beforeClass -->
        <test-method signature="Front_Register_An_Account_With_The_Invalid_Information(java.lang.reflect.Method)[pri:0, instance:com.nopcommerce.RegisterPage.Register_Page@14ac77b9]" started-at="2023-11-20T03:16:55Z" name="Front_Register_An_Account_With_The_Invalid_Information" finished-at="2023-11-20T03:17:18Z" duration-ms="22457" status="PASS">
          <params>
            <param index="0">
              <value>
                <![CDATA[public void com.nopcommerce.RegisterPage.Register_Page.Front_Register_An_Account_With_The_Invalid_Information(java.lang.reflect.Method)]]>
              </value>
            </param>
          </params>
          <reporter-output>
          </reporter-output>
        </test-method> <!-- Front_Register_An_Account_With_The_Invalid_Information -->
        <test-method signature="Front_Register_An_Account_With_The_Valid_Information(java.lang.reflect.Method)[pri:0, instance:com.nopcommerce.RegisterPage.Register_Page@14ac77b9]" started-at="2023-11-20T03:17:18Z" name="Front_Register_An_Account_With_The_Valid_Information" finished-at="2023-11-20T03:17:49Z" depends-on-methods="com.nopcommerce.RegisterPage.Register_Page.Front_Register_An_Account_With_The_Invalid_Information" duration-ms="31181" status="PASS">
          <params>
            <param index="0">
              <value>
                <![CDATA[public void com.nopcommerce.RegisterPage.Register_Page.Front_Register_An_Account_With_The_Valid_Information(java.lang.reflect.Method)]]>
              </value>
            </param>
          </params>
          <reporter-output>
          </reporter-output>
        </test-method> <!-- Front_Register_An_Account_With_The_Valid_Information -->
        <test-method signature="Front_Register_An_Account_With_The_Email_Has_Already_Registered(java.lang.reflect.Method)[pri:0, instance:com.nopcommerce.RegisterPage.Register_Page@14ac77b9]" started-at="2023-11-20T03:17:49Z" name="Front_Register_An_Account_With_The_Email_Has_Already_Registered" finished-at="2023-11-20T03:18:00Z" depends-on-methods="com.nopcommerce.RegisterPage.Register_Page.Front_Register_An_Account_With_The_Valid_Information, com.nopcommerce.RegisterPage.Register_Page.Front_Register_An_Account_With_The_Invalid_Information" duration-ms="11137" status="FAIL">
          <params>
            <param index="0">
              <value>
                <![CDATA[public void com.nopcommerce.RegisterPage.Register_Page.Front_Register_An_Account_With_The_Email_Has_Already_Registered(java.lang.reflect.Method)]]>
              </value>
            </param>
          </params>
          <exception class="org.openqa.selenium.NoSuchElementException">
            <message>
              <![CDATA[no such element: Unable to locate element: {"method":"css selector","selector":".ico\-login"}
  (Session info: chrome=119.0.6045.159)
For documentation on this error, please visit: https://www.seleniumhq.org/exceptions/no_such_element.html
Build info: version: '3.141.59', revision: 'e82be7d358', time: '2018-11-14T08:17:03'
System info: host: 'Edward', ip: 'fe80:0:0:0:1098:1d43:2e5f:bf85%en0', os.name: 'Mac OS X', os.arch: 'x86_64', os.version: '14.1', java.version: '11.0.15.1'
Driver info: org.openqa.selenium.chrome.ChromeDriver
Capabilities {acceptInsecureCerts: false, browserName: chrome, browserVersion: 119.0.6045.159, chrome: {chromedriverVersion: 119.0.6045.105 (38c72552c5e..., userDataDir: /var/folders/gm/wt6pjgb90bv...}, fedcm:accounts: true, goog:chromeOptions: {debuggerAddress: localhost:58683}, javascriptEnabled: true, networkConnectionEnabled: false, pageLoadStrategy: normal, platform: MAC, platformName: MAC, proxy: Proxy(), setWindowRect: true, strictFileInteractability: false, timeouts: {implicit: 0, pageLoad: 300000, script: 30000}, unhandledPromptBehavior: dismiss and notify, webauthn:extension:credBlob: true, webauthn:extension:largeBlob: true, webauthn:extension:minPinLength: true, webauthn:extension:prf: true, webauthn:virtualAuthenticators: true}
Session ID: 65876dca642d064a08eb62f9dd667936
*** Element info: {Using=class name, value=ico-login}]]>
            </message>
            <full-stacktrace>
              <![CDATA[org.openqa.selenium.NoSuchElementException: no such element: Unable to locate element: {"method":"css selector","selector":".ico\-login"}
  (Session info: chrome=119.0.6045.159)
For documentation on this error, please visit: https://www.seleniumhq.org/exceptions/no_such_element.html
Build info: version: '3.141.59', revision: 'e82be7d358', time: '2018-11-14T08:17:03'
System info: host: 'Edward', ip: 'fe80:0:0:0:1098:1d43:2e5f:bf85%en0', os.name: 'Mac OS X', os.arch: 'x86_64', os.version: '14.1', java.version: '11.0.15.1'
Driver info: org.openqa.selenium.chrome.ChromeDriver
Capabilities {acceptInsecureCerts: false, browserName: chrome, browserVersion: 119.0.6045.159, chrome: {chromedriverVersion: 119.0.6045.105 (38c72552c5e..., userDataDir: /var/folders/gm/wt6pjgb90bv...}, fedcm:accounts: true, goog:chromeOptions: {debuggerAddress: localhost:58683}, javascriptEnabled: true, networkConnectionEnabled: false, pageLoadStrategy: normal, platform: MAC, platformName: MAC, proxy: Proxy(), setWindowRect: true, strictFileInteractability: false, timeouts: {implicit: 0, pageLoad: 300000, script: 30000}, unhandledPromptBehavior: dismiss and notify, webauthn:extension:credBlob: true, webauthn:extension:largeBlob: true, webauthn:extension:minPinLength: true, webauthn:extension:prf: true, webauthn:virtualAuthenticators: true}
Session ID: 65876dca642d064a08eb62f9dd667936
*** Element info: {Using=class name, value=ico-login}
at java.base/jdk.internal.reflect.NativeConstructorAccessorImpl.newInstance0(Native Method)
at java.base/jdk.internal.reflect.NativeConstructorAccessorImpl.newInstance(NativeConstructorAccessorImpl.java:62)
at java.base/jdk.internal.reflect.DelegatingConstructorAccessorImpl.newInstance(DelegatingConstructorAccessorImpl.java:45)
at java.base/java.lang.reflect.Constructor.newInstance(Constructor.java:490)
at org.openqa.selenium.remote.http.W3CHttpResponseCodec.createException(W3CHttpResponseCodec.java:187)
at org.openqa.selenium.remote.http.W3CHttpResponseCodec.decode(W3CHttpResponseCodec.java:122)
at org.openqa.selenium.remote.http.W3CHttpResponseCodec.decode(W3CHttpResponseCodec.java:49)
at org.openqa.selenium.remote.HttpCommandExecutor.execute(HttpCommandExecutor.java:158)
at org.openqa.selenium.remote.service.DriverCommandExecutor.execute(DriverCommandExecutor.java:83)
at org.openqa.selenium.remote.RemoteWebDriver.execute(RemoteWebDriver.java:552)
at org.openqa.selenium.remote.RemoteWebDriver.findElement(RemoteWebDriver.java:323)
at org.openqa.selenium.remote.RemoteWebDriver.findElementByClassName(RemoteWebDriver.java:412)
at org.openqa.selenium.By$ByClassName.findElement(By.java:389)
at org.openqa.selenium.remote.RemoteWebDriver.findElement(RemoteWebDriver.java:315)
at com.nopcommerce.RegisterPage.Register_Page.Front_Register_An_Account_With_The_Email_Has_Already_Registered(Register_Page.java:124)
at java.base/jdk.internal.reflect.NativeMethodAccessorImpl.invoke0(Native Method)
at java.base/jdk.internal.reflect.NativeMethodAccessorImpl.invoke(NativeMethodAccessorImpl.java:62)
at java.base/jdk.internal.reflect.DelegatingMethodAccessorImpl.invoke(DelegatingMethodAccessorImpl.java:43)
at java.base/java.lang.reflect.Method.invoke(Method.java:566)
at org.testng.internal.MethodInvocationHelper.invokeMethod(MethodInvocationHelper.java:124)
at org.testng.internal.Invoker.invokeMethod(Invoker.java:583)
at org.testng.internal.Invoker.invokeTestMethod(Invoker.java:719)
at org.testng.internal.Invoker.invokeTestMethods(Invoker.java:989)
at org.testng.internal.TestMethodWorker.invokeTestMethods(TestMethodWorker.java:125)
at org.testng.internal.TestMethodWorker.run(TestMethodWorker.java:109)
at org.testng.TestRunner.privateRun(TestRunner.java:648)
at org.testng.TestRunner.run(TestRunner.java:505)
at org.testng.SuiteRunner.runTest(SuiteRunner.java:455)
at org.testng.SuiteRunner.runSequentially(SuiteRunner.java:450)
at org.testng.SuiteRunner.privateRun(SuiteRunner.java:415)
at org.testng.SuiteRunner.run(SuiteRunner.java:364)
at org.testng.SuiteRunnerWorker.runSuite(SuiteRunnerWorker.java:52)
at org.testng.SuiteRunnerWorker.run(SuiteRunnerWorker.java:84)
at org.testng.TestNG.runSuitesSequentially(TestNG.java:1208)
at org.testng.TestNG.runSuitesLocally(TestNG.java:1137)
at org.testng.TestNG.runSuites(TestNG.java:1049)
at org.testng.TestNG.run(TestNG.java:1017)
at org.testng.remote.AbstractRemoteTestNG.run(AbstractRemoteTestNG.java:115)
at org.testng.remote.RemoteTestNG.initAndRun(RemoteTestNG.java:251)
at org.testng.remote.RemoteTestNG.main(RemoteTestNG.java:77)
]]>
            </full-stacktrace>
          </exception> <!-- org.openqa.selenium.NoSuchElementException -->
          <reporter-output>
          </reporter-output>
        </test-method> <!-- Front_Register_An_Account_With_The_Email_Has_Already_Registered -->
      </class> <!-- com.nopcommerce.RegisterPage.Register_Page -->
      <class name="com.nopcommerce.MyAccountPage.My_Account_Page">
        <test-method is-config="true" signature="beforeClass(java.lang.String, java.lang.String, java.lang.String, java.lang.String, java.lang.String, java.lang.String, java.lang.String)[pri:0, instance:com.nopcommerce.MyAccountPage.My_Account_Page@563a89b5]" started-at="2023-11-20T03:18:34Z" name="beforeClass" finished-at="2023-11-20T03:18:34Z" duration-ms="1" status="PASS">
          <params>
            <param index="0">
              <value>
                <![CDATA[local]]>
              </value>
            </param>
            <param index="1">
              <value>
                <![CDATA[Test]]>
              </value>
            </param>
            <param index="2">
              <value>
                <![CDATA[Chrome]]>
              </value>
            </param>
            <param index="3">
              <value>
                <![CDATA[Windows]]>
              </value>
            </param>
            <param index="4">
              <value>
                <![CDATA[10]]>
              </value>
            </param>
            <param index="5">
              <value>
                <![CDATA[localhost]]>
              </value>
            </param>
            <param index="6">
              <value>
                <![CDATA[4444]]>
              </value>
            </param>
          </params>
          <reporter-output>
          </reporter-output>
        </test-method> <!-- beforeClass -->
        <test-method signature="My_Account_Login_Success(java.lang.reflect.Method)[pri:0, instance:com.nopcommerce.MyAccountPage.My_Account_Page@563a89b5]" started-at="2023-11-20T03:18:34Z" name="My_Account_Login_Success" finished-at="2023-11-20T03:19:06Z" duration-ms="32894" status="FAIL">
          <params>
            <param index="0">
              <value>
                <![CDATA[public void com.nopcommerce.MyAccountPage.My_Account_Page.My_Account_Login_Success(java.lang.reflect.Method)]]>
              </value>
            </param>
          </params>
          <exception class="org.openqa.selenium.TimeoutException">
            <message>
              <![CDATA[Expected condition failed: waiting for visibility of element located by By.xpath:  //input[@id='Email'] (tried for 30 second(s) with 500 milliseconds interval)]]>
            </message>
            <full-stacktrace>
              <![CDATA[org.openqa.selenium.TimeoutException: Expected condition failed: waiting for visibility of element located by By.xpath:  //input[@id='Email'] (tried for 30 second(s) with 500 milliseconds interval)
at org.openqa.selenium.support.ui.WebDriverWait.timeoutException(WebDriverWait.java:95)
at org.openqa.selenium.support.ui.FluentWait.until(FluentWait.java:272)
at commons.BasePage.waitForElementVisible(BasePage.java:540)
at com.nopcommerce.LoginPage.LoginPageObject.inputEmailAddress(LoginPageObject.java:37)
at com.nopcommerce.MyAccountPage.My_Account_Page.My_Account_Login_Success(My_Account_Page.java:57)
at java.base/jdk.internal.reflect.NativeMethodAccessorImpl.invoke0(Native Method)
at java.base/jdk.internal.reflect.NativeMethodAccessorImpl.invoke(NativeMethodAccessorImpl.java:62)
at java.base/jdk.internal.reflect.DelegatingMethodAccessorImpl.invoke(DelegatingMethodAccessorImpl.java:43)
at java.base/java.lang.reflect.Method.invoke(Method.java:566)
at org.testng.internal.MethodInvocationHelper.invokeMethod(MethodInvocationHelper.java:124)
at org.testng.internal.Invoker.invokeMethod(Invoker.java:583)
at org.testng.internal.Invoker.invokeTestMethod(Invoker.java:719)
at org.testng.internal.Invoker.invokeTestMethods(Invoker.java:989)
at org.testng.internal.TestMethodWorker.invokeTestMethods(TestMethodWorker.java:125)
at org.testng.internal.TestMethodWorker.run(TestMethodWorker.java:109)
at org.testng.TestRunner.privateRun(TestRunner.java:648)
at org.testng.TestRunner.run(TestRunner.java:505)
at org.testng.SuiteRunner.runTest(SuiteRunner.java:455)
at org.testng.SuiteRunner.runSequentially(SuiteRunner.java:450)
at org.testng.SuiteRunner.privateRun(SuiteRunner.java:415)
at org.testng.SuiteRunner.run(SuiteRunner.java:364)
at org.testng.SuiteRunnerWorker.runSuite(SuiteRunnerWorker.java:52)
at org.testng.SuiteRunnerWorker.run(SuiteRunnerWorker.java:84)
at org.testng.TestNG.runSuitesSequentially(TestNG.java:1208)
at org.testng.TestNG.runSuitesLocally(TestNG.java:1137)
at org.testng.TestNG.runSuites(TestNG.java:1049)
at org.testng.TestNG.run(TestNG.java:1017)
at org.testng.remote.AbstractRemoteTestNG.run(AbstractRemoteTestNG.java:115)
at org.testng.remote.RemoteTestNG.initAndRun(RemoteTestNG.java:251)
at org.testng.remote.RemoteTestNG.main(RemoteTestNG.java:77)
Caused by: org.openqa.selenium.NoSuchElementException: no such element: Unable to locate element: {"method":"xpath","selector":" //input[@id='Email']"}
  (Session info: chrome=119.0.6045.159)
For documentation on this error, please visit: https://www.seleniumhq.org/exceptions/no_such_element.html
Build info: version: '3.141.59', revision: 'e82be7d358', time: '2018-11-14T08:17:03'
System info: host: 'Edward', ip: 'fe80:0:0:0:1098:1d43:2e5f:bf85%en0', os.name: 'Mac OS X', os.arch: 'x86_64', os.version: '14.1', java.version: '11.0.15.1'
Driver info: org.openqa.selenium.chrome.ChromeDriver
Capabilities {acceptInsecureCerts: false, browserName: chrome, browserVersion: 119.0.6045.159, chrome: {chromedriverVersion: 119.0.6045.105 (38c72552c5e..., userDataDir: /var/folders/gm/wt6pjgb90bv...}, fedcm:accounts: true, goog:chromeOptions: {debuggerAddress: localhost:58683}, javascriptEnabled: true, networkConnectionEnabled: false, pageLoadStrategy: normal, platform: MAC, platformName: MAC, proxy: Proxy(), setWindowRect: true, strictFileInteractability: false, timeouts: {implicit: 0, pageLoad: 300000, script: 30000}, unhandledPromptBehavior: dismiss and notify, webauthn:extension:credBlob: true, webauthn:extension:largeBlob: true, webauthn:extension:minPinLength: true, webauthn:extension:prf: true, webauthn:virtualAuthenticators: true}
Session ID: 65876dca642d064a08eb62f9dd667936
*** Element info: {Using=xpath, value= //input[@id='Email']}
at java.base/jdk.internal.reflect.NativeConstructorAccessorImpl.newInstance0(Native Method)
at java.base/jdk.internal.reflect.NativeConstructorAccessorImpl.newInstance(NativeConstructorAccessorImpl.java:62)
at java.base/jdk.internal.reflect.DelegatingConstructorAccessorImpl.newInstance(DelegatingConstructorAccessorImpl.java:45)
at java.base/java.lang.reflect.Constructor.newInstance(Constructor.java:490)
at org.openqa.selenium.remote.http.W3CHttpResponseCodec.createException(W3CHttpResponseCodec.java:187)
at org.openqa.selenium.remote.http.W3CHttpResponseCodec.decode(W3CHttpResponseCodec.java:122)
at org.openqa.selenium.remote.http.W3CHttpResponseCodec.decode(W3CHttpResponseCodec.java:49)
at org.openqa.selenium.remote.HttpCommandExecutor.execute(HttpCommandExecutor.java:158)
at org.openqa.selenium.remote.service.DriverCommandExecutor.execute(DriverCommandExecutor.java:83)
at org.openqa.selenium.remote.RemoteWebDriver.execute(RemoteWebDriver.java:552)
at org.openqa.selenium.remote.RemoteWebDriver.findElement(RemoteWebDriver.java:323)
at org.openqa.selenium.remote.RemoteWebDriver.findElementByXPath(RemoteWebDriver.java:428)
at org.openqa.selenium.By$ByXPath.findElement(By.java:353)
at org.openqa.selenium.remote.RemoteWebDriver.findElement(RemoteWebDriver.java:315)
at org.openqa.selenium.support.ui.ExpectedConditions$7.apply(ExpectedConditions.java:205)
at org.openqa.selenium.support.ui.ExpectedConditions$7.apply(ExpectedConditions.java:201)
at org.openqa.selenium.support.ui.FluentWait.until(FluentWait.java:249)
... 28 more
]]>
            </full-stacktrace>
          </exception> <!-- org.openqa.selenium.TimeoutException -->
          <reporter-output>
          </reporter-output>
        </test-method> <!-- My_Account_Login_Success -->
        <test-method signature="My_Account_Add_Address(java.lang.reflect.Method)[pri:0, instance:com.nopcommerce.MyAccountPage.My_Account_Page@563a89b5]" started-at="2023-11-20T03:19:07Z" name="My_Account_Add_Address" finished-at="2023-11-20T03:19:07Z" depends-on-methods="com.nopcommerce.MyAccountPage.My_Account_Page.My_Account_Login_Success" duration-ms="0" status="SKIP">
          <exception class="java.lang.Throwable">
            <message>
              <![CDATA[Method My_Account_Page.My_Account_Add_Address(java.lang.reflect.Method)[pri:0, instance:com.nopcommerce.MyAccountPage.My_Account_Page@563a89b5] depends on not successfully finished methods]]>
            </message>
            <full-stacktrace>
              <![CDATA[java.lang.Throwable: Method My_Account_Page.My_Account_Add_Address(java.lang.reflect.Method)[pri:0, instance:com.nopcommerce.MyAccountPage.My_Account_Page@563a89b5] depends on not successfully finished methods
at org.testng.internal.Invoker.invokeTestMethods(Invoker.java:888)
at org.testng.internal.TestMethodWorker.invokeTestMethods(TestMethodWorker.java:125)
at org.testng.internal.TestMethodWorker.run(TestMethodWorker.java:109)
at org.testng.TestRunner.privateRun(TestRunner.java:648)
at org.testng.TestRunner.run(TestRunner.java:505)
at org.testng.SuiteRunner.runTest(SuiteRunner.java:455)
at org.testng.SuiteRunner.runSequentially(SuiteRunner.java:450)
at org.testng.SuiteRunner.privateRun(SuiteRunner.java:415)
at org.testng.SuiteRunner.run(SuiteRunner.java:364)
at org.testng.SuiteRunnerWorker.runSuite(SuiteRunnerWorker.java:52)
at org.testng.SuiteRunnerWorker.run(SuiteRunnerWorker.java:84)
at org.testng.TestNG.runSuitesSequentially(TestNG.java:1208)
at org.testng.TestNG.runSuitesLocally(TestNG.java:1137)
at org.testng.TestNG.runSuites(TestNG.java:1049)
at org.testng.TestNG.run(TestNG.java:1017)
at org.testng.remote.AbstractRemoteTestNG.run(AbstractRemoteTestNG.java:115)
at org.testng.remote.RemoteTestNG.initAndRun(RemoteTestNG.java:251)
at org.testng.remote.RemoteTestNG.main(RemoteTestNG.java:77)
]]>
            </full-stacktrace>
          </exception> <!-- java.lang.Throwable -->
          <reporter-output>
          </reporter-output>
        </test-method> <!-- My_Account_Add_Address -->
        <test-method signature="My_Account_Update_Customer_Information(java.lang.reflect.Method)[pri:0, instance:com.nopcommerce.MyAccountPage.My_Account_Page@563a89b5]" started-at="2023-11-20T03:19:07Z" name="My_Account_Update_Customer_Information" finished-at="2023-11-20T03:19:07Z" depends-on-methods="com.nopcommerce.MyAccountPage.My_Account_Page.My_Account_Login_Success" duration-ms="0" status="SKIP">
          <exception class="java.lang.Throwable">
            <message>
              <![CDATA[Method My_Account_Page.My_Account_Update_Customer_Information(java.lang.reflect.Method)[pri:0, instance:com.nopcommerce.MyAccountPage.My_Account_Page@563a89b5] depends on not successfully finished methods]]>
            </message>
            <full-stacktrace>
              <![CDATA[java.lang.Throwable: Method My_Account_Page.My_Account_Update_Customer_Information(java.lang.reflect.Method)[pri:0, instance:com.nopcommerce.MyAccountPage.My_Account_Page@563a89b5] depends on not successfully finished methods
at org.testng.internal.Invoker.invokeTestMethods(Invoker.java:888)
at org.testng.internal.TestMethodWorker.invokeTestMethods(TestMethodWorker.java:125)
at org.testng.internal.TestMethodWorker.run(TestMethodWorker.java:109)
at org.testng.TestRunner.privateRun(TestRunner.java:648)
at org.testng.TestRunner.run(TestRunner.java:505)
at org.testng.SuiteRunner.runTest(SuiteRunner.java:455)
at org.testng.SuiteRunner.runSequentially(SuiteRunner.java:450)
at org.testng.SuiteRunner.privateRun(SuiteRunner.java:415)
at org.testng.SuiteRunner.run(SuiteRunner.java:364)
at org.testng.SuiteRunnerWorker.runSuite(SuiteRunnerWorker.java:52)
at org.testng.SuiteRunnerWorker.run(SuiteRunnerWorker.java:84)
at org.testng.TestNG.runSuitesSequentially(TestNG.java:1208)
at org.testng.TestNG.runSuitesLocally(TestNG.java:1137)
at org.testng.TestNG.runSuites(TestNG.java:1049)
at org.testng.TestNG.run(TestNG.java:1017)
at org.testng.remote.AbstractRemoteTestNG.run(AbstractRemoteTestNG.java:115)
at org.testng.remote.RemoteTestNG.initAndRun(RemoteTestNG.java:251)
at org.testng.remote.RemoteTestNG.main(RemoteTestNG.java:77)
]]>
            </full-stacktrace>
          </exception> <!-- java.lang.Throwable -->
          <reporter-output>
          </reporter-output>
        </test-method> <!-- My_Account_Update_Customer_Information -->
        <test-method is-config="true" signature="afterClass(java.lang.String)[pri:0, instance:com.nopcommerce.MyAccountPage.My_Account_Page@563a89b5]" started-at="2023-11-20T03:19:07Z" name="afterClass" finished-at="2023-11-20T03:19:07Z" duration-ms="175" status="PASS">
          <params>
            <param index="0">
              <value>
                <![CDATA[Chrome]]>
              </value>
            </param>
          </params>
          <reporter-output>
          </reporter-output>
        </test-method> <!-- afterClass -->
      </class> <!-- com.nopcommerce.MyAccountPage.My_Account_Page -->
    </test> <!-- Run on Chrome -->
  </suite> <!-- Nopcommerce -->
</testng-results>
